  server_main.cpp
c:\users\abagnall-smith20\desktop\final project networks\socket.h(207): warning C4018: '<': signed/unsigned mismatch
c:\program files (x86)\microsoft visual studio\2017\enterprise\vc\tools\msvc\14.10.25017\include\thr\xthread(240): error C2672: 'std::invoke': no matching overloaded function found
  c:\program files (x86)\microsoft visual studio\2017\enterprise\vc\tools\msvc\14.10.25017\include\thr\xthread(248): note: see reference to function template instantiation 'void std::_LaunchPad<_Target>::_Execute<0>(std::tuple<Manager> &,std::integer_sequence<_Ty,0>)' being compiled
          with
          [
              _Target=std::unique_ptr<std::tuple<Manager>,std::default_delete<std::tuple<Manager>>>,
              _Ty=::size_t
          ]
  c:\program files (x86)\microsoft visual studio\2017\enterprise\vc\tools\msvc\14.10.25017\include\thr\xthread(247): note: see reference to function template instantiation 'void std::_LaunchPad<_Target>::_Execute<0>(std::tuple<Manager> &,std::integer_sequence<_Ty,0>)' being compiled
          with
          [
              _Target=std::unique_ptr<std::tuple<Manager>,std::default_delete<std::tuple<Manager>>>,
              _Ty=::size_t
          ]
  c:\program files (x86)\microsoft visual studio\2017\enterprise\vc\tools\msvc\14.10.25017\include\thr\xthread(244): note: while compiling class template member function 'void std::_LaunchPad<_Target>::_Run(std::_LaunchPad<_Target> *) noexcept'
          with
          [
              _Target=std::unique_ptr<std::tuple<Manager>,std::default_delete<std::tuple<Manager>>>
          ]
  c:\program files (x86)\microsoft visual studio\2017\enterprise\vc\tools\msvc\14.10.25017\include\thr\xthread(232): note: see reference to function template instantiation 'void std::_LaunchPad<_Target>::_Run(std::_LaunchPad<_Target> *) noexcept' being compiled
          with
          [
              _Target=std::unique_ptr<std::tuple<Manager>,std::default_delete<std::tuple<Manager>>>
          ]
  c:\program files (x86)\microsoft visual studio\2017\enterprise\vc\tools\msvc\14.10.25017\include\thr\xthread(259): note: see reference to class template instantiation 'std::_LaunchPad<_Target>' being compiled
          with
          [
              _Target=std::unique_ptr<std::tuple<Manager>,std::default_delete<std::tuple<Manager>>>
          ]
  c:\program files (x86)\microsoft visual studio\2017\enterprise\vc\tools\msvc\14.10.25017\include\thread(49): note: see reference to function template instantiation 'void std::_Launch<std::unique_ptr<std::tuple<Manager>,std::default_delete<_Ty>>>(_Thrd_t *,_Target &&)' being compiled
          with
          [
              _Ty=std::tuple<Manager>,
              _Target=std::unique_ptr<std::tuple<Manager>,std::default_delete<std::tuple<Manager>>>
          ]
  c:\users\abagnall-smith20\desktop\final project networks\server\server_main.cpp(73): note: see reference to function template instantiation 'std::thread::thread<Manager&,,void>(_Fn)' being compiled
          with
          [
              _Fn=Manager &
          ]
c:\program files (x86)\microsoft visual studio\2017\enterprise\vc\tools\msvc\14.10.25017\include\thr\xthread(240): error C2893: Failed to specialize function template 'unknown-type std::invoke(_Callable &&,_Types &&...) noexcept(<expr>)'
  c:\program files (x86)\microsoft visual studio\2017\enterprise\vc\tools\msvc\14.10.25017\include\thr\xthread(240): note: With the following template arguments:
  c:\program files (x86)\microsoft visual studio\2017\enterprise\vc\tools\msvc\14.10.25017\include\thr\xthread(240): note: '_Callable=Manager'
  c:\program files (x86)\microsoft visual studio\2017\enterprise\vc\tools\msvc\14.10.25017\include\thr\xthread(240): note: '_Types={}'
