n:\kjones\classes\archives_by_class\cs313_networks\cs313_002_2015_fall\ed\labs\winsock_part1\server\debug\server_main.obj
n:\kjones\classes\archives_by_class\cs313_networks\cs313_002_2015_fall\ed\labs\winsock_part1\server\debug\vc110.pdb
n:\kjones\classes\archives_by_class\cs313_networks\cs313_002_2015_fall\ed\labs\winsock_part1\debug\server.ilk
n:\kjones\classes\archives_by_class\cs313_networks\cs313_002_2015_fall\ed\labs\winsock_part1\debug\server.exe
n:\kjones\classes\archives_by_class\cs313_networks\cs313_002_2015_fall\ed\labs\winsock_part1\debug\server.pdb
c:\users\abagnall-smith20\desktop\winsock_part1\server\debug\vc141.pdb
c:\users\abagnall-smith20\desktop\winsock_part1\server\debug\vc141.idb
c:\users\abagnall-smith20\desktop\winsock_part1\server\debug\server_main.obj
c:\users\abagnall-smith20\desktop\winsock_part1\debug\server.ilk
c:\users\abagnall-smith20\desktop\winsock_part1\debug\server.exe
c:\users\abagnall-smith20\desktop\winsock_part1\debug\server.pdb
c:\users\abagnall-smith20\desktop\winsock_part1\server\debug\cl.command.1.tlog
c:\users\abagnall-smith20\desktop\winsock_part1\server\debug\cl.read.1.tlog
c:\users\abagnall-smith20\desktop\winsock_part1\server\debug\cl.write.1.tlog
c:\users\abagnall-smith20\desktop\winsock_part1\server\debug\link-cvtres.read.1.tlog
c:\users\abagnall-smith20\desktop\winsock_part1\server\debug\link-cvtres.write.1.tlog
c:\users\abagnall-smith20\desktop\winsock_part1\server\debug\link-rc.read.1.tlog
c:\users\abagnall-smith20\desktop\winsock_part1\server\debug\link-rc.write.1.tlog
c:\users\abagnall-smith20\desktop\winsock_part1\server\debug\link.command.1.tlog
c:\users\abagnall-smith20\desktop\winsock_part1\server\debug\link.read.1.tlog
c:\users\abagnall-smith20\desktop\winsock_part1\server\debug\link.write.1.tlog
c:\users\abagnall-smith20\desktop\winsock_part1\server\debug\vc110.idb
c:\users\abagnall-smith20\desktop\winsock_part1\server\debug\vc110.pdb
c:\users\abagnall-smith20\desktop\winsock_part1\server\debug\server.tlog\cl.command.1.tlog
c:\users\abagnall-smith20\desktop\winsock_part1\server\debug\server.tlog\cl.read.1.tlog
c:\users\abagnall-smith20\desktop\winsock_part1\server\debug\server.tlog\cl.write.1.tlog
c:\users\abagnall-smith20\desktop\winsock_part1\server\debug\server.tlog\link.command.1.tlog
c:\users\abagnall-smith20\desktop\winsock_part1\server\debug\server.tlog\link.delete.1.tlog
c:\users\abagnall-smith20\desktop\winsock_part1\server\debug\server.tlog\link.read.1.tlog
c:\users\abagnall-smith20\desktop\winsock_part1\server\debug\server.tlog\link.write.1.tlog
