n:\kjones\classes\archives_by_class\cs313_networks\cs313_002_2015_fall\ed\labs\winsock_part1\client\debug\client_main.obj
n:\kjones\classes\archives_by_class\cs313_networks\cs313_002_2015_fall\ed\labs\winsock_part1\client\debug\vc110.pdb
n:\kjones\classes\archives_by_class\cs313_networks\cs313_002_2015_fall\ed\labs\winsock_part1\debug\client.ilk
n:\kjones\classes\archives_by_class\cs313_networks\cs313_002_2015_fall\ed\labs\winsock_part1\debug\client.exe
n:\kjones\classes\archives_by_class\cs313_networks\cs313_002_2015_fall\ed\labs\winsock_part1\debug\client.pdb
c:\users\abagnall-smith20\desktop\winsock_part1\client\debug\vc141.pdb
c:\users\abagnall-smith20\desktop\winsock_part1\client\debug\vc141.idb
c:\users\abagnall-smith20\desktop\winsock_part1\client\debug\client_main.obj
c:\users\abagnall-smith20\desktop\winsock_part1\client\debug\cl.command.1.tlog
c:\users\abagnall-smith20\desktop\winsock_part1\client\debug\cl.read.1.tlog
c:\users\abagnall-smith20\desktop\winsock_part1\client\debug\cl.write.1.tlog
c:\users\abagnall-smith20\desktop\winsock_part1\client\debug\link-cvtres.read.1.tlog
c:\users\abagnall-smith20\desktop\winsock_part1\client\debug\link-cvtres.write.1.tlog
c:\users\abagnall-smith20\desktop\winsock_part1\client\debug\link-rc.read.1.tlog
c:\users\abagnall-smith20\desktop\winsock_part1\client\debug\link-rc.write.1.tlog
c:\users\abagnall-smith20\desktop\winsock_part1\client\debug\link.command.1.tlog
c:\users\abagnall-smith20\desktop\winsock_part1\client\debug\link.read.1.tlog
c:\users\abagnall-smith20\desktop\winsock_part1\client\debug\link.write.1.tlog
c:\users\abagnall-smith20\desktop\winsock_part1\client\debug\vc110.idb
c:\users\abagnall-smith20\desktop\winsock_part1\client\debug\vc110.pdb
c:\users\abagnall-smith20\desktop\winsock_part1\debug\client.pdb
c:\users\abagnall-smith20\desktop\winsock_part1\debug\client.exe
c:\users\abagnall-smith20\desktop\winsock_part1\debug\client.ilk
c:\users\abagnall-smith20\desktop\winsock_part1\client\debug\client.tlog\cl.command.1.tlog
c:\users\abagnall-smith20\desktop\winsock_part1\client\debug\client.tlog\cl.read.1.tlog
c:\users\abagnall-smith20\desktop\winsock_part1\client\debug\client.tlog\cl.write.1.tlog
c:\users\abagnall-smith20\desktop\winsock_part1\client\debug\client.tlog\link.command.1.tlog
c:\users\abagnall-smith20\desktop\winsock_part1\client\debug\client.tlog\link.delete.1.tlog
c:\users\abagnall-smith20\desktop\winsock_part1\client\debug\client.tlog\link.read.1.tlog
c:\users\abagnall-smith20\desktop\winsock_part1\client\debug\client.tlog\link.write.1.tlog
